<?xml version="1.0" encoding="UTF-8"?>
<!-- Generated by org.testng.reporters.JUnitReportReporter -->
<testsuite hostname="Tony" failures="0" tests="3" name="ApiTesting1.Create_note" time="27.676" errors="0" timestamp="2026-06-23T00:32:39 IST" skipped="0">
  <testcase classname="ApiTesting1.Create_note" name="Createnote" time="14.957"/>
  <testcase classname="ApiTesting1.Create_note" name="CreateNote_WithoutToken" time="7.343"/>
  <testcase classname="ApiTesting1.Create_note" name="CreateNote_InvalidMethod" time="5.376"/>
</testsuite> <!-- ApiTesting1.Create_note -->
