<?xml version="1.0" encoding="UTF-8"?>
<!-- Generated by org.testng.reporters.JUnitReportReporter -->
<testsuite hostname="Tony" failures="0" tests="4" name="ApiTesting1.Login_check" time="17.824" errors="0" timestamp="2026-06-22T23:44:07 IST" skipped="0">
  <testcase classname="ApiTesting1.Login_check" name="Login" time="8.810"/>
  <testcase classname="ApiTesting1.Login_check" name="LoginWithInvalidEmail" time="1.572"/>
  <testcase classname="ApiTesting1.Login_check" name="LoginWithInvalidPassword" time="6.955"/>
  <testcase classname="ApiTesting1.Login_check" name="LoginWithInvalidEmpty" time="0.487"/>
</testsuite> <!-- ApiTesting1.Login_check -->
