<?xml version="1.0" encoding="UTF-8"?>
<testng-results ignored="0" total="1" passed="1" failed="0" skipped="0">
  <reporter-output>
  </reporter-output>
  <suite started-at="2026-06-15T15:43:09 IST" name="Default suite" finished-at="2026-06-15T15:43:13 IST" duration-ms="3589">
    <groups>
    </groups>
    <test started-at="2026-06-15T15:43:09 IST" name="Default test" finished-at="2026-06-15T15:43:13 IST" duration-ms="3589">
      <class name="apiTesting.ApiValidation">
        <test-method signature="f()[pri:0, instance:apiTesting.ApiValidation@77847718]" started-at="2026-06-15T15:43:09 IST" name="f" finished-at="2026-06-15T15:43:13 IST" duration-ms="3497" status="PASS">
          <reporter-output>
          </reporter-output>
        </test-method> <!-- f -->
      </class> <!-- apiTesting.ApiValidation -->
    </test> <!-- Default test -->
  </suite> <!-- Default suite -->
</testng-results>
