<?xml version="1.0" encoding="UTF-8"?>
<!-- Generated by org.testng.reporters.JUnitXMLReporter -->
<testsuite ignored="0" hostname="Tony" failures="0" tests="10" name="Test" time="22.066" errors="0" timestamp="2026-06-17T23:07:40 IST">
  <testcase classname="ApiTesting.HealthCheck_Get" name="HealthCheck" time="0.938"/>
  <testcase classname="ApiTesting.HealthCheck_Get" name="institutions" time="1.352"/>
  <testcase classname="ApiTesting.HealthCheck_Get" name="all_roles" time="1.738"/>
  <testcase classname="ApiTesting.HealthCheck_Get" name="invalid_all_roles" time="0.378"/>
  <testcase classname="ApiTesting.HealthCheck_Get" name="Create_note" time="1.685"/>
  <testcase classname="ApiTesting.HealthCheck_Get" name="Get_all_notes" time="1.981"/>
  <testcase classname="ApiTesting.HealthCheck_Get" name="Get_ID" time="1.671"/>
  <testcase classname="ApiTesting.HealthCheck_Get" name="update" time="1.298"/>
  <testcase classname="ApiTesting.HealthCheck_Get" name="Toggle" time="1.883"/>
  <testcase classname="ApiTesting.HealthCheck_Get" name="Delete" time="1.797"/>
</testsuite> <!-- Test -->
