<?xml version="1.0" encoding="UTF-8"?>
<!-- Generated by org.testng.reporters.JUnitXMLReporter -->
<testsuite ignored="0" hostname="Tony" failures="0" tests="10" name="Default test" time="21.447" errors="0" timestamp="2026-06-17T22:34:58 IST">
  <testcase classname="ApiTesting.HealthCheck_Get" name="HealthCheck" time="1.0"/>
  <testcase classname="ApiTesting.HealthCheck_Get" name="institutions" time="0.94"/>
  <testcase classname="ApiTesting.HealthCheck_Get" name="all_roles" time="1.524"/>
  <testcase classname="ApiTesting.HealthCheck_Get" name="invalid_all_roles" time="0.416"/>
  <testcase classname="ApiTesting.HealthCheck_Get" name="Create_note" time="1.952"/>
  <testcase classname="ApiTesting.HealthCheck_Get" name="Get_all_notes" time="1.667"/>
  <testcase classname="ApiTesting.HealthCheck_Get" name="Get_ID" time="1.594"/>
  <testcase classname="ApiTesting.HealthCheck_Get" name="update" time="1.778"/>
  <testcase classname="ApiTesting.HealthCheck_Get" name="Toggle" time="1.713"/>
  <testcase classname="ApiTesting.HealthCheck_Get" name="Delete" time="1.192"/>
</testsuite> <!-- Default test -->
