<?xml version="1.0" encoding="UTF-8"?>
<testng-results ignored="0" total="3" passed="3" failed="0" skipped="0">
  <reporter-output>
  </reporter-output>
  <suite started-at="2026-06-23T00:32:10 IST" name="Default suite" finished-at="2026-06-23T00:32:39 IST" duration-ms="28788">
    <groups>
    </groups>
    <test started-at="2026-06-23T00:32:10 IST" name="Default test" finished-at="2026-06-23T00:32:39 IST" duration-ms="28788">
      <class name="ApiTesting1.Create_note">
        <test-method signature="Createnote()[pri:1, instance:ApiTesting1.Create_note@7139992f]" started-at="2026-06-23T00:32:10 IST" name="Createnote" finished-at="2026-06-23T00:32:25 IST" duration-ms="14957" status="PASS">
          <reporter-output>
          </reporter-output>
        </test-method> <!-- Createnote -->
        <test-method signature="CreateNote_WithoutToken()[pri:2, instance:ApiTesting1.Create_note@7139992f]" started-at="2026-06-23T00:32:26 IST" name="CreateNote_WithoutToken" finished-at="2026-06-23T00:32:33 IST" duration-ms="7343" status="PASS">
          <reporter-output>
          </reporter-output>
        </test-method> <!-- CreateNote_WithoutToken -->
        <test-method signature="CreateNote_InvalidMethod()[pri:3, instance:ApiTesting1.Create_note@7139992f]" started-at="2026-06-23T00:32:33 IST" name="CreateNote_InvalidMethod" finished-at="2026-06-23T00:32:38 IST" duration-ms="5376" status="PASS">
          <reporter-output>
          </reporter-output>
        </test-method> <!-- CreateNote_InvalidMethod -->
      </class> <!-- ApiTesting1.Create_note -->
    </test> <!-- Default test -->
  </suite> <!-- Default suite -->
</testng-results>
