<?xml version="1.0" encoding="UTF-8"?>
<testng-results ignored="0" total="10" passed="10" failed="0" skipped="0">
  <reporter-output>
  </reporter-output>
  <suite started-at="2026-06-17T22:34:36 IST" name="Default suite" finished-at="2026-06-17T22:34:57 IST" duration-ms="21447">
    <groups>
    </groups>
    <test started-at="2026-06-17T22:34:36 IST" name="Default test" finished-at="2026-06-17T22:34:57 IST" duration-ms="21447">
      <class name="ApiTesting.HealthCheck_Get">
        <test-method is-config="true" signature="Login()[pri:0, instance:ApiTesting.HealthCheck_Get@31190526]" started-at="2026-06-17T22:34:36 IST" name="Login" finished-at="2026-06-17T22:34:44 IST" duration-ms="7514" status="PASS">
          <reporter-output>
          </reporter-output>
        </test-method> <!-- Login -->
        <test-method signature="HealthCheck()[pri:1, instance:ApiTesting.HealthCheck_Get@31190526]" started-at="2026-06-17T22:34:44 IST" name="HealthCheck" finished-at="2026-06-17T22:34:45 IST" duration-ms="1000" status="PASS">
          <reporter-output>
          </reporter-output>
        </test-method> <!-- HealthCheck -->
        <test-method signature="institutions()[pri:2, instance:ApiTesting.HealthCheck_Get@31190526]" started-at="2026-06-17T22:34:45 IST" name="institutions" finished-at="2026-06-17T22:34:46 IST" duration-ms="940" status="PASS">
          <reporter-output>
          </reporter-output>
        </test-method> <!-- institutions -->
        <test-method signature="all_roles()[pri:3, instance:ApiTesting.HealthCheck_Get@31190526]" started-at="2026-06-17T22:34:46 IST" name="all_roles" finished-at="2026-06-17T22:34:47 IST" duration-ms="1524" status="PASS">
          <reporter-output>
          </reporter-output>
        </test-method> <!-- all_roles -->
        <test-method signature="invalid_all_roles()[pri:4, instance:ApiTesting.HealthCheck_Get@31190526]" started-at="2026-06-17T22:34:47 IST" name="invalid_all_roles" finished-at="2026-06-17T22:34:47 IST" duration-ms="416" status="PASS">
          <reporter-output>
          </reporter-output>
        </test-method> <!-- invalid_all_roles -->
        <test-method signature="Create_note()[pri:5, instance:ApiTesting.HealthCheck_Get@31190526]" started-at="2026-06-17T22:34:47 IST" name="Create_note" finished-at="2026-06-17T22:34:49 IST" duration-ms="1952" status="PASS">
          <reporter-output>
          </reporter-output>
        </test-method> <!-- Create_note -->
        <test-method signature="Get_all_notes()[pri:6, instance:ApiTesting.HealthCheck_Get@31190526]" started-at="2026-06-17T22:34:49 IST" name="Get_all_notes" finished-at="2026-06-17T22:34:51 IST" duration-ms="1667" status="PASS">
          <reporter-output>
          </reporter-output>
        </test-method> <!-- Get_all_notes -->
        <test-method signature="Get_ID()[pri:7, instance:ApiTesting.HealthCheck_Get@31190526]" started-at="2026-06-17T22:34:51 IST" name="Get_ID" finished-at="2026-06-17T22:34:53 IST" depends-on-methods="ApiTesting.HealthCheck_Get.Create_note" duration-ms="1594" status="PASS">
          <reporter-output>
          </reporter-output>
        </test-method> <!-- Get_ID -->
        <test-method signature="update()[pri:8, instance:ApiTesting.HealthCheck_Get@31190526]" started-at="2026-06-17T22:34:53 IST" name="update" finished-at="2026-06-17T22:34:55 IST" depends-on-methods="ApiTesting.HealthCheck_Get.Create_note" duration-ms="1778" status="PASS">
          <reporter-output>
          </reporter-output>
        </test-method> <!-- update -->
        <test-method signature="Toggle()[pri:9, instance:ApiTesting.HealthCheck_Get@31190526]" started-at="2026-06-17T22:34:55 IST" name="Toggle" finished-at="2026-06-17T22:34:56 IST" depends-on-methods="ApiTesting.HealthCheck_Get.Create_note" duration-ms="1713" status="PASS">
          <reporter-output>
          </reporter-output>
        </test-method> <!-- Toggle -->
        <test-method signature="Delete()[pri:10, instance:ApiTesting.HealthCheck_Get@31190526]" started-at="2026-06-17T22:34:56 IST" name="Delete" finished-at="2026-06-17T22:34:57 IST" depends-on-methods="ApiTesting.HealthCheck_Get.Create_note" duration-ms="1192" status="PASS">
          <reporter-output>
          </reporter-output>
        </test-method> <!-- Delete -->
      </class> <!-- ApiTesting.HealthCheck_Get -->
    </test> <!-- Default test -->
  </suite> <!-- Default suite -->
</testng-results>
